[ 2015-04-18T17:01:07+08:00 ] ::1 /lab/
ERR: Think\Model:M方法不存在！

[ 2015-04-18T17:01:29+08:00 ] ::1 /lab/
ERR: SQLSTATE[42S02]: Base table or view not found: 1146 Table 'blog.user' doesn't exist

[ 2015-04-18T17:34:09+08:00 ] ::1 /lab/
ERR: XML标签语法错误

[ 2015-04-18T21:26:13+08:00 ] ::1 /lab/index.php/home/index/show/visit/Auther1
ERR: 无法加载控制器:Home

[ 2015-04-18T21:26:41+08:00 ] ::1 /lab/index.php/home/index/show/visit/Auther1
ERR: 无法加载控制器:Home

[ 2015-04-18T21:26:41+08:00 ] ::1 /lab/index.php/home/index/show/visit/Auther1
ERR: 无法加载控制器:Home

[ 2015-04-18T21:26:54+08:00 ] ::1 /lab/index.php/home/index/show/visit/Auther1
ERR: 无法加载控制器:Home

[ 2015-04-18T21:37:33+08:00 ] ::1 /lab/index.php/home/index/show/visit/Auther1
ERR: 无法加载控制器:Home

[ 2015-04-18T21:42:07+08:00 ] ::1 /lab/index.php/index/show/visit/Auther1
ERR: 非法操作:show

[ 2015-04-18T21:45:12+08:00 ] ::1 /lab/index.php/index/show/visit/Auther1
ERR: 非法操作:show

[ 2015-04-18T21:51:40+08:00 ] ::1 /lab/index.php/user/details/visit/Auther1/id/1
ERR: 无法加载控制器:User

[ 2015-04-18T21:52:09+08:00 ] ::1 /lab/index.php/user/details/visit/Auther1/id/1
ERR: 无法加载控制器:User

[ 2015-04-18T21:52:09+08:00 ] ::1 /lab/index.php/user/details/visit/Auther1/id/1
ERR: 无法加载控制器:User

[ 2015-04-18T21:52:10+08:00 ] ::1 /lab/index.php/user/details/visit/Auther1/id/1
ERR: 无法加载控制器:User

